C:\ken\GitHub\CampbellMuscleLab\SLControl\.\Release\SLControl.exe.intermediate.manifest
C:\ken\GitHub\CampbellMuscleLab\SLControl\Release\cl.command.1.tlog
C:\ken\GitHub\CampbellMuscleLab\SLControl\Release\CL.read.1.tlog
C:\ken\GitHub\CampbellMuscleLab\SLControl\Release\CL.write.1.tlog
C:\ken\GitHub\CampbellMuscleLab\SLControl\Release\link.command.1.tlog
C:\ken\GitHub\CampbellMuscleLab\SLControl\Release\link.read.1.tlog
C:\ken\GitHub\CampbellMuscleLab\SLControl\Release\link.write.1.tlog
C:\ken\GitHub\CampbellMuscleLab\SLControl\Release\link-cvtres.read.1.tlog
C:\ken\GitHub\CampbellMuscleLab\SLControl\Release\link-cvtres.write.1.tlog
C:\ken\GitHub\CampbellMuscleLab\SLControl\Release\mt.command.1.tlog
C:\ken\GitHub\CampbellMuscleLab\SLControl\Release\mt.read.1.tlog
C:\ken\GitHub\CampbellMuscleLab\SLControl\Release\mt.write.1.tlog
C:\ken\GitHub\CampbellMuscleLab\SLControl\Release\rc.command.1.tlog
C:\ken\GitHub\CampbellMuscleLab\SLControl\Release\rc.read.1.tlog
C:\ken\GitHub\CampbellMuscleLab\SLControl\Release\rc.write.1.tlog
C:\ken\GitHub\CampbellMuscleLab\SLControl\Release\SLControl.exe.intermediate.manifest
C:\ken\GitHub\CampbellMuscleLab\SLControl\Release\SLControl.res
C:\ken\GitHub\CampbellMuscleLab\SLControl\Release\SLControl.write.1.tlog
C:\LAB\KEN\SLCONTROL\SLCONTROL_VSTUDIO2005\SLCONTROL\RELEASE\ABORT_MULTIPLE_TRIALS.OBJ
C:\LAB\KEN\SLCONTROL\SLCONTROL_VSTUDIO2005\SLCONTROL\RELEASE\ABORT_MULTIPLE_TRIALS_DIALOG.OBJ
C:\LAB\KEN\SLCONTROL\SLCONTROL_VSTUDIO2005\SLCONTROL\RELEASE\ANALYSIS_DISPLAY.OBJ
C:\LAB\KEN\SLCONTROL\SLCONTROL_VSTUDIO2005\SLCONTROL\RELEASE\BATCH_ANALYSIS.OBJ
C:\LAB\KEN\SLCONTROL\SLCONTROL_VSTUDIO2005\SLCONTROL\RELEASE\CAL_DISPLAY.OBJ
C:\LAB\KEN\SLCONTROL\SLCONTROL_VSTUDIO2005\SLCONTROL\RELEASE\CALIBRATION.OBJ
C:\LAB\KEN\SLCONTROL\SLCONTROL_VSTUDIO2005\SLCONTROL\RELEASE\CHANNEL_CONTROL.OBJ
C:\LAB\KEN\SLCONTROL\SLCONTROL_VSTUDIO2005\SLCONTROL\RELEASE\CHANNEL_TAB.OBJ
C:\LAB\KEN\SLCONTROL\SLCONTROL_VSTUDIO2005\SLCONTROL\RELEASE\CHIRP.OBJ
C:\LAB\KEN\SLCONTROL\SLCONTROL_VSTUDIO2005\SLCONTROL\RELEASE\CYCLICAL.OBJ
C:\LAB\KEN\SLCONTROL\SLCONTROL_VSTUDIO2005\SLCONTROL\RELEASE\DATA_RECORD.OBJ
C:\LAB\KEN\SLCONTROL\SLCONTROL_VSTUDIO2005\SLCONTROL\RELEASE\EXPERIMENT_DISPLAY.OBJ
C:\LAB\KEN\SLCONTROL\SLCONTROL_VSTUDIO2005\SLCONTROL\RELEASE\FILE_HEADER.OBJ
C:\LAB\KEN\SLCONTROL\SLCONTROL_VSTUDIO2005\SLCONTROL\RELEASE\FIT_CONTROL.OBJ
C:\LAB\KEN\SLCONTROL\SLCONTROL_VSTUDIO2005\SLCONTROL\RELEASE\FIT_PARAMETERS.OBJ
C:\LAB\KEN\SLCONTROL\SLCONTROL_VSTUDIO2005\SLCONTROL\RELEASE\GLOBAL_FUNCTIONS.OBJ
C:\LAB\KEN\SLCONTROL\SLCONTROL_VSTUDIO2005\SLCONTROL\RELEASE\LC_DOUT_PAGE.OBJ
C:\LAB\KEN\SLCONTROL\SLCONTROL_VSTUDIO2005\SLCONTROL\RELEASE\LC_DOUT_TAB.OBJ
C:\LAB\KEN\SLCONTROL\SLCONTROL_VSTUDIO2005\SLCONTROL\RELEASE\LC_DOUT_TAB_CONTROL.OBJ
C:\LAB\KEN\SLCONTROL\SLCONTROL_VSTUDIO2005\SLCONTROL\RELEASE\LC_FREEFORM_PAGE.OBJ
C:\LAB\KEN\SLCONTROL\SLCONTROL_VSTUDIO2005\SLCONTROL\RELEASE\LC_GENERIC_PAGE.OBJ
C:\LAB\KEN\SLCONTROL\SLCONTROL_VSTUDIO2005\SLCONTROL\RELEASE\LC_KTR_STEP_PAGE.OBJ
C:\LAB\KEN\SLCONTROL\SLCONTROL_VSTUDIO2005\SLCONTROL\RELEASE\LC_RAMP_PAGE.OBJ
C:\LAB\KEN\SLCONTROL\SLCONTROL_VSTUDIO2005\SLCONTROL\RELEASE\LC_SUMMARY_PAGE.OBJ
C:\LAB\KEN\SLCONTROL\SLCONTROL_VSTUDIO2005\SLCONTROL\RELEASE\LC_TRIGGERED_PAGE.OBJ
C:\LAB\KEN\SLCONTROL\SLCONTROL_VSTUDIO2005\SLCONTROL\RELEASE\LENGTH_CONTROL_DIALOG.OBJ
C:\LAB\KEN\SLCONTROL\SLCONTROL_VSTUDIO2005\SLCONTROL\RELEASE\LENGTH_CONTROL_SHEET.OBJ
C:\LAB\KEN\SLCONTROL\SLCONTROL_VSTUDIO2005\SLCONTROL\RELEASE\NR.OBJ
C:\LAB\KEN\SLCONTROL\SLCONTROL_VSTUDIO2005\SLCONTROL\RELEASE\PATHDIALOG.OBJ
C:\LAB\KEN\SLCONTROL\SLCONTROL_VSTUDIO2005\SLCONTROL\RELEASE\PLOT.OBJ
C:\LAB\KEN\SLCONTROL\SLCONTROL_VSTUDIO2005\SLCONTROL\RELEASE\SCAN_CHANNELS.OBJ
C:\LAB\KEN\SLCONTROL\SLCONTROL_VSTUDIO2005\SLCONTROL\RELEASE\SL_SREC.OBJ
C:\LAB\KEN\SLCONTROL\SLCONTROL_VSTUDIO2005\SLCONTROL\RELEASE\SLCONTROL.EXE
C:\LAB\KEN\SLCONTROL\SLCONTROL_VSTUDIO2005\SLCONTROL\RELEASE\SLCONTROL.EXE.INTERMEDIATE.MANIFEST
C:\LAB\KEN\SLCONTROL\SLCONTROL_VSTUDIO2005\SLCONTROL\RELEASE\SLCONTROL.OBJ
C:\LAB\KEN\SLCONTROL\SLCONTROL_VSTUDIO2005\SLCONTROL\RELEASE\SLCONTROL.PCH
C:\LAB\KEN\SLCONTROL\SLCONTROL_VSTUDIO2005\SLCONTROL\RELEASE\SLCONTROL.RES
C:\LAB\KEN\SLCONTROL\SLCONTROL_VSTUDIO2005\SLCONTROL\RELEASE\SLCONTROLDLG.OBJ
C:\LAB\KEN\SLCONTROL\SLCONTROL_VSTUDIO2005\SLCONTROL\RELEASE\SQUARE_WAVE.OBJ
C:\LAB\KEN\SLCONTROL\SLCONTROL_VSTUDIO2005\SLCONTROL\RELEASE\STDAFX.OBJ
C:\LAB\KEN\SLCONTROL\SLCONTROL_VSTUDIO2005\SLCONTROL\RELEASE\SUPERPOSITION.OBJ
C:\LAB\KEN\SLCONTROL\SLCONTROL_VSTUDIO2005\SLCONTROL\RELEASE\SUPERPOSITION_CONTROL.OBJ
C:\LAB\KEN\SLCONTROL\SLCONTROL_VSTUDIO2005\SLCONTROL\RELEASE\TENSION_CONTROL_DIALOG.OBJ
C:\LAB\KEN\SLCONTROL\SLCONTROL_VSTUDIO2005\SLCONTROL\RELEASE\TRIGGERS.OBJ
C:\LAB\KEN\SLCONTROL\SLCONTROL_VSTUDIO2005\SLCONTROL\RELEASE\UPDATE_CHECK.OBJ
C:\LAB\KEN\SLCONTROL\SLCONTROL_VSTUDIO2005\SLCONTROL\RELEASE\VC100.PDB
C:\LAB\KEN\SLCONTROL\SLCONTROL_VSTUDIO2005\SLCONTROL\RELEASE\WEBVERSION.OBJ
